<?xml version="1.0" encoding="UTF-8" standalone="no"?>
<testsuite errors="0" failures="0" name="io.cucumber.core.plugin.JUnitFormatter" skipped="0" tests="1" time="19.431">
    <testcase classname="Digital Bank Registration Page" name="Positive Case. As a user, I want to successfully create Digital Bank account" time="19.178">
        <system-out><![CDATA[Given The user with "jack@test.co" is not in DB.............................passed
And User navigates to Digital Bank signup page..............................passed
When User creates account with following fields.............................passed
Then User should be displayed with the message "Success Registration Successful. Please Login.".passed
Then the following user info should be saved in the db......................passed
]]></system-out>
    </testcase>
</testsuite>
